#
# A fatal error has been detected by the Java Runtime Environment:
#
#  EXCEPTION_ACCESS_VIOLATION (0xc0000005) at pc=0x00007ffe8dc3140d, pid=25944, tid=0x0000000000004290
#
# JRE version: Java(TM) SE Runtime Environment (8.0_291-b10) (build 1.8.0_291-b10)
# Java VM: Java HotSpot(TM) 64-Bit Server VM (25.291-b10 mixed mode windows-amd64 compressed oops)
# Problematic frame:
# C  [onnxruntime.dll+0x17140d]
#
# Failed to write core dump. Minidumps are not enabled by default on client versions of Windows
#
# If you would like to submit a bug report, please visit:
#   http://bugreport.java.com/bugreport/crash.jsp
# The crash happened outside the Java Virtual Machine in native code.
# See problematic frame for where to report the bug.
#

---------------  T H R E A D  ---------------

Current thread (0x000001a709eb9800):  JavaThread "main" [_thread_in_native, id=17040, stack(0x0000000943300000,0x0000000943400000)]

siginfo: ExceptionCode=0xc0000005, reading address 0x0000000000000020

Registers:
RAX=0x0000000000000000, RBX=0x000001a727bf1fa0, RCX=0x000001a7272be170, RDX=0x000001a727f8cdd0
RSP=0x00000009433fdac0, RBP=0x00000009433fdbc0, RSI=0x0000000000000000, RDI=0x000001a7272e6670
R8 =0x0000000000000010, R9 =0x00007ffed0e60000, R10=0x000001a727bf2160, R11=0x000001a727bf1d60
R12=0x000000000000000d, R13=0x000001a7272e8100, R14=0x000001a727bf2160, R15=0x0000000000000020
RIP=0x00007ffe8dc3140d, EFLAGS=0x0000000000010246

Top of Stack: (sp=0x00000009433fdac0)
0x00000009433fdac0:   0000000000000000 000001a727bf1fa0
0x00000009433fdad0:   000001a727bf1fa0 0000000000000000
0x00000009433fdae0:   000000000000005e 000000000000005f
0x00000009433fdaf0:   00000009433fde40 00007ffeec69b86b
0x00000009433fdb00:   0000000000000001 0000000000000038
0x00000009433fdb10:   000001a727271088 000001a727f82000
0x00000009433fdb20:   000001a7272e8100 000001a700000007
0x00000009433fdb30:   00006c7500646400 000001a709d612c0
0x00000009433fdb40:   0000000000000000 000000000000000f
0x00000009433fdb50:   00786e6e6f2e6961 00000000000002b3
0x00000009433fdb60:   0000000000000007 000000000000000f
0x00000009433fdb70:   000001a727bf1fa0 000001a727bf1fb0
0x00000009433fdb80:   000001a727bf1fb0 000001a727bf2160
0x00000009433fdb90:   000001a727bf2170 000001a727bf2170
0x00000009433fdba0:   000001a727d772e0 0000000000000000
0x00000009433fdbb0:   0000000000000000 0000000000000000 

Instructions: (pc=0x00007ffe8dc3140d)
0x00007ffe8dc313ed:   11 48 8b 43 08 48 89 02 48 83 85 88 02 00 00 08
0x00007ffe8dc313fd:   eb 44 4c 8d 43 08 eb 31 48 8b 0b e8 d3 ee 29 00
0x00007ffe8dc3140d:   83 78 20 02 7f 99 48 8b 95 88 02 00 00 48 39 95
0x00007ffe8dc3141d:   90 02 00 00 74 10 48 8b 03 48 89 02 48 83 85 88 


Register to memory mapping:

RAX=0x0000000000000000 is an unknown value
RBX=0x000001a727bf1fa0 is an unknown value
RCX=0x000001a7272be170 is an unknown value
RDX=0x000001a727f8cdd0 is an unknown value
RSP=0x00000009433fdac0 is pointing into the stack for thread: 0x000001a709eb9800
RBP=0x00000009433fdbc0 is pointing into the stack for thread: 0x000001a709eb9800
RSI=0x0000000000000000 is an unknown value
RDI=0x000001a7272e6670 is an unknown value
R8 =0x0000000000000010 is an unknown value
R9 =0x00007ffed0e60000 is an unknown value
R10=0x000001a727bf2160 is an unknown value
R11=0x000001a727bf1d60 is an unknown value
R12=0x000000000000000d is an unknown value
R13=0x000001a7272e8100 is an unknown value
R14=0x000001a727bf2160 is an unknown value
R15=0x0000000000000020 is an unknown value


Stack: [0x0000000943300000,0x0000000943400000],  sp=0x00000009433fdac0,  free space=1014k
Native frames: (J=compiled Java code, j=interpreted, Vv=VM code, C=native code)
C  [onnxruntime.dll+0x17140d]
C  [onnxruntime.dll+0x170e35]
C  [onnxruntime.dll+0x1573fd]
C  [onnxruntime.dll+0x157bc4]
C  [onnxruntime.dll+0x10f79b]
C  [onnxruntime.dll+0x10c17c]
C  [onnxruntime.dll+0xf9213]
C  [onnxruntime.dll+0xe954b]
C  [jnionnxruntime.dll+0x71d0f]
C  0x000001a70b829f4e

Java frames: (J=compiled Java code, j=interpreted, Vv=VM code)
j  ai.onnxruntime.OrtSession.createSession(JJ[BJ)J+0
j  ai.onnxruntime.OrtSession.<init>(Lai/onnxruntime/OrtEnvironment;[BLai/onnxruntime/OrtAllocator;Lai/onnxruntime/OrtSession$SessionOptions;)V+24
j  ai.onnxruntime.OrtEnvironment.createSession([BLai/onnxruntime/OrtAllocator;Lai/onnxruntime/OrtSession$SessionOptions;)Lai/onnxruntime/OrtSession;+15
j  ai.onnxruntime.OrtEnvironment.createSession([BLai/onnxruntime/OrtSession$SessionOptions;)Lai/onnxruntime/OrtSession;+7
j  com.aspose.ocr.AsposeOCR.f(Ljava/util/ArrayList;)Ljava/lang/String;+193
j  com.aspose.ocr.AsposeOCR.RecognizeLine(Ljava/awt/image/BufferedImage;)Ljava/lang/String;+71
j  com.aspose.ocr.AsposeOCR.RecognizeLine(Ljava/lang/String;)Ljava/lang/String;+14
j  Captcha.ReadCaptcha.OCRReader.main([Ljava/lang/String;)V+36
v  ~StubRoutines::call_stub

---------------  P R O C E S S  ---------------

Java Threads: ( => current thread )
  0x000001a726ce3800 JavaThread "JavaCPP Deallocator" daemon [_thread_blocked, id=12956, stack(0x0000000944800000,0x0000000944900000)]
  0x000001a726ce2800 JavaThread "Java2D Disposer" daemon [_thread_blocked, id=8292, stack(0x0000000944700000,0x0000000944800000)]
  0x000001a726793000 JavaThread "Service Thread" daemon [_thread_blocked, id=9780, stack(0x0000000944500000,0x0000000944600000)]
  0x000001a7253f4800 JavaThread "C1 CompilerThread3" daemon [_thread_blocked, id=27356, stack(0x0000000944400000,0x0000000944500000)]
  0x000001a7253ed800 JavaThread "C2 CompilerThread2" daemon [_thread_blocked, id=7128, stack(0x0000000944300000,0x0000000944400000)]
  0x000001a7253e4800 JavaThread "C2 CompilerThread1" daemon [_thread_blocked, id=5212, stack(0x0000000944200000,0x0000000944300000)]
  0x000001a7253df800 JavaThread "C2 CompilerThread0" daemon [_thread_blocked, id=16132, stack(0x0000000944100000,0x0000000944200000)]
  0x000001a7253dd800 JavaThread "Attach Listener" daemon [_thread_blocked, id=16184, stack(0x0000000944000000,0x0000000944100000)]
  0x000001a7253dc800 JavaThread "Signal Dispatcher" daemon [_thread_blocked, id=17060, stack(0x0000000943f00000,0x0000000944000000)]
  0x000001a7253b2800 JavaThread "Finalizer" daemon [_thread_blocked, id=19412, stack(0x0000000943e00000,0x0000000943f00000)]
  0x000001a7253ab000 JavaThread "Reference Handler" daemon [_thread_blocked, id=19312, stack(0x0000000943d00000,0x0000000943e00000)]
=>0x000001a709eb9800 JavaThread "main" [_thread_in_native, id=17040, stack(0x0000000943300000,0x0000000943400000)]

Other Threads:
  0x000001a725382800 VMThread [stack: 0x0000000943c00000,0x0000000943d00000] [id=22944]
  0x000001a7267ab800 WatcherThread [stack: 0x0000000944600000,0x0000000944700000] [id=10712]

VM state:not at safepoint (normal execution)

VM Mutex/Monitor currently owned by a thread: None

heap address: 0x00000006c4400000, size: 4028 MB, Compressed Oops mode: Zero based, Oop shift amount: 3
Narrow klass base: 0x0000000000000000, Narrow klass shift: 3
Compressed class space size: 1073741824 Address: 0x00000007c0000000

Heap:
 PSYoungGen      total 75264K, used 64401K [0x000000076c180000, 0x0000000771580000, 0x00000007c0000000)
  eden space 64512K, 99% used [0x000000076c180000,0x00000007700645e0,0x0000000770080000)
  from space 10752K, 0% used [0x0000000770080000,0x0000000770080000,0x0000000770b00000)
  to   space 10752K, 0% used [0x0000000770b00000,0x0000000770b00000,0x0000000771580000)
 ParOldGen       total 1033728K, used 989309K [0x00000006c4400000, 0x0000000703580000, 0x000000076c180000)
  object space 1033728K, 95% used [0x00000006c4400000,0x0000000700a1f510,0x0000000703580000)
 Metaspace       used 11778K, capacity 11966K, committed 12288K, reserved 1060864K
  class space    used 1388K, capacity 1479K, committed 1536K, reserved 1048576K

Card table byte_map: [0x000001a71abd0000,0x000001a71b3b0000] byte_map_base: 0x000001a7175ae000

Marking Bits: (ParMarkBitMap*) 0x000000006c987fe0
 Begin Bits: [0x000001a71b8f0000, 0x000001a71f7e0000)
 End Bits:   [0x000001a71f7e0000, 0x000001a7236d0000)

Polling page: 0x000001a709e30000

CodeCache: size=245760Kb used=5061Kb max_used=5073Kb free=240698Kb
 bounds [0x000001a70b810000, 0x000001a70bd10000, 0x000001a71a810000]
 total_blobs=1749 nmethods=1290 adapters=372
 compilation: enabled

Compilation events (10 events):
Event: 2.635 Thread 0x000001a7253f4800 1286       3       sun.nio.fs.WindowsPath::resolve (393 bytes)
Event: 2.636 Thread 0x000001a7253f4800 nmethod 1286 0x000001a70bcfedd0 code [0x000001a70bcff3e0, 0x000001a70bd03ab0]
Event: 2.636 Thread 0x000001a7253f4800 1288       3       sun.nio.fs.WindowsFileAttributes::isDirectoryLink (23 bytes)
Event: 2.636 Thread 0x000001a7253f4800 nmethod 1288 0x000001a70bceae90 code [0x000001a70bceb000, 0x000001a70bceb2b8]
Event: 2.636 Thread 0x000001a7253f4800 1287       3       sun.nio.fs.WindowsFileAttributes::isDirectory (25 bytes)
Event: 2.636 Thread 0x000001a7253f4800 nmethod 1287 0x000001a70bcf6cd0 code [0x000001a70bcf6e40, 0x000001a70bcf70f8]
Event: 2.639 Thread 0x000001a7253df800 1289 %     4       sun.nio.fs.WindowsPath::compareTo @ 49 (118 bytes)
Event: 2.642 Thread 0x000001a7253f4800 1290       3       sun.nio.fs.WindowsException::rethrowAsIOException (39 bytes)
Event: 2.643 Thread 0x000001a7253f4800 nmethod 1290 0x000001a70bcf6690 code [0x000001a70bcf6800, 0x000001a70bcf6b90]
Event: 2.643 Thread 0x000001a7253df800 nmethod 1289% 0x000001a70bcf5850 code [0x000001a70bcf59c0, 0x000001a70bcf5fd8]

GC Heap History (4 events):
Event: 0.636 GC heap before
{Heap before GC invocations=1 (full 0):
 PSYoungGen      total 75264K, used 56414K [0x000000076c180000, 0x0000000771580000, 0x00000007c0000000)
  eden space 64512K, 87% used [0x000000076c180000,0x000000076f897850,0x0000000770080000)
  from space 10752K, 0% used [0x0000000770b00000,0x0000000770b00000,0x0000000771580000)
  to   space 10752K, 0% used [0x0000000770080000,0x0000000770080000,0x0000000770b00000)
 ParOldGen       total 172032K, used 0K [0x00000006c4400000, 0x00000006cec00000, 0x000000076c180000)
  object space 172032K, 0% used [0x00000006c4400000,0x00000006c4400000,0x00000006cec00000)
 Metaspace       used 10932K, capacity 11036K, committed 11136K, reserved 1058816K
  class space    used 1282K, capacity 1338K, committed 1408K, reserved 1048576K
Event: 0.641 GC heap after
Heap after GC invocations=1 (full 0):
 PSYoungGen      total 75264K, used 10722K [0x000000076c180000, 0x0000000771580000, 0x00000007c0000000)
  eden space 64512K, 0% used [0x000000076c180000,0x000000076c180000,0x0000000770080000)
  from space 10752K, 99% used [0x0000000770080000,0x0000000770af8b08,0x0000000770b00000)
  to   space 10752K, 0% used [0x0000000770b00000,0x0000000770b00000,0x0000000771580000)
 ParOldGen       total 172032K, used 1520K [0x00000006c4400000, 0x00000006cec00000, 0x000000076c180000)
  object space 172032K, 0% used [0x00000006c4400000,0x00000006c457c170,0x00000006cec00000)
 Metaspace       used 10932K, capacity 11036K, committed 11136K, reserved 1058816K
  class space    used 1282K, capacity 1338K, committed 1408K, reserved 1048576K
}
Event: 1.088 GC heap before
{Heap before GC invocations=2 (full 1):
 PSYoungGen      total 75264K, used 73713K [0x000000076c180000, 0x0000000771580000, 0x00000007c0000000)
  eden space 64512K, 97% used [0x000000076c180000,0x000000076ff03c40,0x0000000770080000)
  from space 10752K, 99% used [0x0000000770080000,0x0000000770af8b08,0x0000000770b00000)
  to   space 10752K, 0% used [0x0000000770b00000,0x0000000770b00000,0x0000000771580000)
 ParOldGen       total 172032K, used 170731K [0x00000006c4400000, 0x00000006cec00000, 0x000000076c180000)
  object space 172032K, 99% used [0x00000006c4400000,0x00000006ceabae88,0x00000006cec00000)
 Metaspace       used 11767K, capacity 11966K, committed 12288K, reserved 1060864K
  class space    used 1387K, capacity 1479K, committed 1536K, reserved 1048576K
Event: 1.105 GC heap after
Heap after GC invocations=2 (full 1):
 PSYoungGen      total 75264K, used 0K [0x000000076c180000, 0x0000000771580000, 0x00000007c0000000)
  eden space 64512K, 0% used [0x000000076c180000,0x000000076c180000,0x0000000770080000)
  from space 10752K, 0% used [0x0000000770080000,0x0000000770080000,0x0000000770b00000)
  to   space 10752K, 0% used [0x0000000770b00000,0x0000000770b00000,0x0000000771580000)
 ParOldGen       total 147968K, used 40312K [0x00000006c4400000, 0x00000006cd480000, 0x000000076c180000)
  object space 147968K, 27% used [0x00000006c4400000,0x00000006c6b5e118,0x00000006cd480000)
 Metaspace       used 11767K, capacity 11966K, committed 12288K, reserved 1060864K
  class space    used 1387K, capacity 1479K, committed 1536K, reserved 1048576K
}

Deoptimization events (10 events):
Event: 0.826 Thread 0x000001a709eb9800 Uncommon trap: reason=unstable_if action=reinterpret pc=0x000001a70bc305fc method=java.util.jar.JarVerifier$VerifierStream.read([BII)I @ 6
Event: 0.843 Thread 0x000001a709eb9800 Uncommon trap: reason=unstable_if action=reinterpret pc=0x000001a70bc2d48c method=sun.security.provider.DigestBase.engineUpdate([BII)V @ 141
Event: 0.843 Thread 0x000001a709eb9800 Uncommon trap: reason=unstable_if action=reinterpret pc=0x000001a70bc2f608 method=sun.security.provider.DigestBase.engineUpdate([BII)V @ 119
Event: 0.849 Thread 0x000001a709eb9800 Uncommon trap: reason=unstable_if action=reinterpret pc=0x000001a70bba06f8 method=java.net.URI$Parser.scan(IIJJ)I @ 25
Event: 0.852 Thread 0x000001a709eb9800 Uncommon trap: reason=unstable_if action=reinterpret pc=0x000001a70bc3d688 method=java.util.jar.Manifest$FastInputStream.readLine([BII)I @ 87
Event: 0.864 Thread 0x000001a709eb9800 Uncommon trap: reason=unstable_if action=reinterpret pc=0x000001a70bc5b714 method=java.util.regex.Pattern$BmpCharProperty.match(Ljava/util/regex/Matcher;ILjava/lang/CharSequence;)Z @ 5
Event: 0.936 Thread 0x000001a709eb9800 Uncommon trap: reason=unstable_if action=reinterpret pc=0x000001a70bc41514 method=java.math.BigInteger.addOne([IIII)I @ 55
Event: 1.054 Thread 0x000001a709eb9800 Uncommon trap: reason=unstable_if action=reinterpret pc=0x000001a70bcc6768 method=com.sun.crypto.provider.CipherBlockChaining.implDecrypt([BII[BI)I @ 27
Event: 2.238 Thread 0x000001a709eb9800 Uncommon trap: reason=unstable_if action=reinterpret pc=0x000001a70bccbdb8 method=com.aspose.ocr.e0cd0c6d11.edf(Ljava/lang/String;)[B @ 38
Event: 2.534 Thread 0x000001a709eb9800 Uncommon trap: reason=unstable_if action=reinterpret pc=0x000001a70bcca2d0 method=com.sun.crypto.provider.CipherBlockChaining.implDecrypt([BII[BI)I @ 27

Classes redefined (0 events):
No events

Internal exceptions (10 events):
Event: 2.641 Thread 0x000001a709eb9800 Exception <a 'sun/nio/fs/WindowsException'> (0x0000000770035ba0) thrown at [C:\jenkins\workspace\8-2-build-windows-amd64-cygwin\jdk8u291\1294\hotspot\src\share\vm\prims\jni.cpp, line 710]
Event: 2.641 Thread 0x000001a709eb9800 Exception <a 'sun/nio/fs/WindowsException'> (0x00000007700374d0) thrown at [C:\jenkins\workspace\8-2-build-windows-amd64-cygwin\jdk8u291\1294\hotspot\src\share\vm\prims\jni.cpp, line 710]
Event: 2.642 Thread 0x000001a709eb9800 Exception <a 'sun/nio/fs/WindowsException'> (0x0000000770038dc0) thrown at [C:\jenkins\workspace\8-2-build-windows-amd64-cygwin\jdk8u291\1294\hotspot\src\share\vm\prims\jni.cpp, line 710]
Event: 2.642 Thread 0x000001a709eb9800 Exception <a 'sun/nio/fs/WindowsException'> (0x000000077003a770) thrown at [C:\jenkins\workspace\8-2-build-windows-amd64-cygwin\jdk8u291\1294\hotspot\src\share\vm\prims\jni.cpp, line 710]
Event: 2.642 Thread 0x000001a709eb9800 Exception <a 'sun/nio/fs/WindowsException'> (0x000000077003bea8) thrown at [C:\jenkins\workspace\8-2-build-windows-amd64-cygwin\jdk8u291\1294\hotspot\src\share\vm\prims\jni.cpp, line 710]
Event: 2.642 Thread 0x000001a709eb9800 Exception <a 'sun/nio/fs/WindowsException'> (0x000000077003d640) thrown at [C:\jenkins\workspace\8-2-build-windows-amd64-cygwin\jdk8u291\1294\hotspot\src\share\vm\prims\jni.cpp, line 710]
Event: 2.642 Thread 0x000001a709eb9800 Exception <a 'sun/nio/fs/WindowsException'> (0x000000077003ed78) thrown at [C:\jenkins\workspace\8-2-build-windows-amd64-cygwin\jdk8u291\1294\hotspot\src\share\vm\prims\jni.cpp, line 710]
Event: 2.642 Thread 0x000001a709eb9800 Exception <a 'sun/nio/fs/WindowsException'> (0x00000007700404c8) thrown at [C:\jenkins\workspace\8-2-build-windows-amd64-cygwin\jdk8u291\1294\hotspot\src\share\vm\prims\jni.cpp, line 710]
Event: 2.642 Thread 0x000001a709eb9800 Exception <a 'sun/nio/fs/WindowsException'> (0x0000000770041c00) thrown at [C:\jenkins\workspace\8-2-build-windows-amd64-cygwin\jdk8u291\1294\hotspot\src\share\vm\prims\jni.cpp, line 710]
Event: 2.642 Thread 0x000001a709eb9800 Exception <a 'sun/nio/fs/WindowsException'> (0x00000007700432d0) thrown at [C:\jenkins\workspace\8-2-build-windows-amd64-cygwin\jdk8u291\1294\hotspot\src\share\vm\prims\jni.cpp, line 710]

Events (10 events):
Event: 2.534 Thread 0x000001a709eb9800 DEOPT PACKING pc=0x000001a70bcca2d0 sp=0x00000009433fe3a0
Event: 2.534 Thread 0x000001a709eb9800 DEOPT UNPACKING pc=0x000001a70b855843 sp=0x00000009433fe380 mode 2
Event: 2.614 Thread 0x000001a709eb9800 DEOPT PACKING pc=0x000001a70bcc52a2 sp=0x00000009433fe3a0
Event: 2.614 Thread 0x000001a709eb9800 DEOPT UNPACKING pc=0x000001a70b857898 sp=0x00000009433fe100 mode 0
Event: 2.614 loading class ai/onnxruntime/OrtSession
Event: 2.614 loading class ai/onnxruntime/OrtSession done
Event: 2.619 Thread 0x000001a709eb9800 DEOPT PACKING pc=0x000001a70bc40ce9 sp=0x00000009433fe150
Event: 2.619 Thread 0x000001a709eb9800 DEOPT UNPACKING pc=0x000001a70b857898 sp=0x00000009433fdea0 mode 0
Event: 2.623 Thread 0x000001a709eb9800 DEOPT PACKING pc=0x000001a70bc40ce9 sp=0x00000009433fe150
Event: 2.623 Thread 0x000001a709eb9800 DEOPT UNPACKING pc=0x000001a70b857898 sp=0x00000009433fdea0 mode 0


Dynamic libraries:
0x00007ff62c300000 - 0x00007ff62c347000 	C:\Program Files\Java\jdk1.8.0_291\bin\javaw.exe
0x00007ffeec670000 - 0x00007ffeec865000 	C:\Windows\SYSTEM32\ntdll.dll
0x00007ffeeb090000 - 0x00007ffeeb14d000 	C:\Windows\System32\KERNEL32.DLL
0x00007ffeea0a0000 - 0x00007ffeea369000 	C:\Windows\System32\KERNELBASE.dll
0x00007ffeec470000 - 0x00007ffeec51c000 	C:\Windows\System32\ADVAPI32.dll
0x00007ffeeaf80000 - 0x00007ffeeb01e000 	C:\Windows\System32\msvcrt.dll
0x00007ffeeb160000 - 0x00007ffeeb1fb000 	C:\Windows\System32\sechost.dll
0x00007ffeeb200000 - 0x00007ffeeb32a000 	C:\Windows\System32\RPCRT4.dll
0x00007ffeea890000 - 0x00007ffeeaa30000 	C:\Windows\System32\USER32.dll
0x00007ffee9db0000 - 0x00007ffee9dd2000 	C:\Windows\System32\win32u.dll
0x00007ffeeabd0000 - 0x00007ffeeabfa000 	C:\Windows\System32\GDI32.dll
0x00007ffee9e30000 - 0x00007ffee9f3b000 	C:\Windows\System32\gdi32full.dll
0x00007ffeea420000 - 0x00007ffeea4bd000 	C:\Windows\System32\msvcp_win.dll
0x00007ffeea5b0000 - 0x00007ffeea6b0000 	C:\Windows\System32\ucrtbase.dll
0x00007ffed3ed0000 - 0x00007ffed416a000 	C:\Windows\WinSxS\amd64_microsoft.windows.common-controls_6595b64144ccf1df_6.0.19041.1083_none_60bbe31371f34e71\COMCTL32.dll
0x00007ffeec370000 - 0x00007ffeec3a0000 	C:\Windows\System32\IMM32.DLL
0x00007ffed0e60000 - 0x00007ffed0e75000 	C:\Program Files\Java\jdk1.8.0_291\jre\bin\vcruntime140.dll
0x00007ffe9f100000 - 0x00007ffe9f19b000 	C:\Program Files\Java\jdk1.8.0_291\jre\bin\msvcp140.dll
0x000000006c1a0000 - 0x000000006ca00000 	C:\Program Files\Java\jdk1.8.0_291\jre\bin\server\jvm.dll
0x00007ffeebc00000 - 0x00007ffeebc08000 	C:\Windows\System32\PSAPI.DLL
0x00007ffecd760000 - 0x00007ffecd769000 	C:\Windows\SYSTEM32\WSOCK32.dll
0x00007ffedbdb0000 - 0x00007ffedbdba000 	C:\Windows\SYSTEM32\VERSION.dll
0x00007ffeded20000 - 0x00007ffeded47000 	C:\Windows\SYSTEM32\WINMM.dll
0x00007ffeec400000 - 0x00007ffeec46b000 	C:\Windows\System32\WS2_32.dll
0x00007ffee8670000 - 0x00007ffee8682000 	C:\Windows\SYSTEM32\kernel.appcore.dll
0x00007ffee66f0000 - 0x00007ffee6700000 	C:\Program Files\Java\jdk1.8.0_291\jre\bin\verify.dll
0x00007ffec7b00000 - 0x00007ffec7b2b000 	C:\Program Files\Java\jdk1.8.0_291\jre\bin\java.dll
0x00007ffebf840000 - 0x00007ffebf858000 	C:\Program Files\Java\jdk1.8.0_291\jre\bin\zip.dll
0x00007ffeeb4c0000 - 0x00007ffeebbff000 	C:\Windows\System32\SHELL32.dll
0x00007ffee7af0000 - 0x00007ffee8281000 	C:\Windows\SYSTEM32\windows.storage.dll
0x00007ffeeac00000 - 0x00007ffeeaf55000 	C:\Windows\System32\combase.dll
0x00007ffee9820000 - 0x00007ffee984c000 	C:\Windows\SYSTEM32\Wldp.dll
0x00007ffeeb410000 - 0x00007ffeeb4be000 	C:\Windows\System32\SHCORE.dll
0x00007ffeec3a0000 - 0x00007ffeec3f5000 	C:\Windows\System32\shlwapi.dll
0x00007ffee9cf0000 - 0x00007ffee9d0f000 	C:\Windows\SYSTEM32\profapi.dll
0x00007ffe917c0000 - 0x00007ffe91955000 	C:\Program Files\Java\jdk1.8.0_291\jre\bin\awt.dll
0x00007ffeebc10000 - 0x00007ffeebcdd000 	C:\Windows\System32\OLEAUT32.dll
0x00007ffee72b0000 - 0x00007ffee7340000 	C:\Windows\SYSTEM32\apphelp.dll
0x00007ffee7510000 - 0x00007ffee753f000 	C:\Windows\system32\DWMAPI.DLL
0x00007ffee7440000 - 0x00007ffee74de000 	C:\Windows\system32\uxtheme.dll
0x00007ffe9f050000 - 0x00007ffe9f0fc000 	C:\Program Files\Java\jdk1.8.0_291\jre\bin\mlib_image.dll
0x000001a709fd0000 - 0x000001a709fd3000 	C:\Users\varun\.javacpp\cache\javacpp-1.5.3-windows-x86_64.jar\org\bytedeco\javacpp\windows-x86_64\api-ms-win-crt-locale-l1-1-0.dll
0x00007ffebf220000 - 0x00007ffebf23c000 	C:\Program Files\Java\jdk1.8.0_291\jre\bin\net.dll
0x00007ffee9580000 - 0x00007ffee95ea000 	C:\Windows\system32\mswsock.dll
0x00007ffebe4f0000 - 0x00007ffebe503000 	C:\Program Files\Java\jdk1.8.0_291\jre\bin\nio.dll
0x000001a709fe0000 - 0x000001a709fe4000 	C:\Users\varun\.javacpp\cache\javacpp-1.5.3-windows-x86_64.jar\org\bytedeco\javacpp\windows-x86_64\api-ms-win-crt-string-l1-1-0.dll
0x000001a709ff0000 - 0x000001a709ff4000 	C:\Users\varun\.javacpp\cache\javacpp-1.5.3-windows-x86_64.jar\org\bytedeco\javacpp\windows-x86_64\api-ms-win-crt-stdio-l1-1-0.dll
0x000001a70a000000 - 0x000001a70a005000 	C:\Users\varun\.javacpp\cache\javacpp-1.5.3-windows-x86_64.jar\org\bytedeco\javacpp\windows-x86_64\api-ms-win-crt-math-l1-1-0.dll
0x000001a70a010000 - 0x000001a70a013000 	C:\Users\varun\.javacpp\cache\javacpp-1.5.3-windows-x86_64.jar\org\bytedeco\javacpp\windows-x86_64\api-ms-win-crt-heap-l1-1-0.dll
0x000001a70a020000 - 0x000001a70a024000 	C:\Users\varun\.javacpp\cache\javacpp-1.5.3-windows-x86_64.jar\org\bytedeco\javacpp\windows-x86_64\api-ms-win-crt-runtime-l1-1-0.dll
0x000001a70a030000 - 0x000001a70a034000 	C:\Users\varun\.javacpp\cache\javacpp-1.5.3-windows-x86_64.jar\org\bytedeco\javacpp\windows-x86_64\api-ms-win-crt-convert-l1-1-0.dll
0x000001a70a040000 - 0x000001a70a043000 	C:\Users\varun\.javacpp\cache\javacpp-1.5.3-windows-x86_64.jar\org\bytedeco\javacpp\windows-x86_64\api-ms-win-crt-environment-l1-1-0.dll
0x000001a70a050000 - 0x000001a70a053000 	C:\Users\varun\.javacpp\cache\javacpp-1.5.3-windows-x86_64.jar\org\bytedeco\javacpp\windows-x86_64\api-ms-win-crt-time-l1-1-0.dll
0x000001a7274b0000 - 0x000001a7274b3000 	C:\Users\varun\.javacpp\cache\javacpp-1.5.3-windows-x86_64.jar\org\bytedeco\javacpp\windows-x86_64\api-ms-win-crt-filesystem-l1-1-0.dll
0x000001a7274c0000 - 0x000001a7274c3000 	C:\Users\varun\.javacpp\cache\javacpp-1.5.3-windows-x86_64.jar\org\bytedeco\javacpp\windows-x86_64\api-ms-win-crt-utility-l1-1-0.dll
0x000001a7274d0000 - 0x000001a7274d5000 	C:\Users\varun\.javacpp\cache\javacpp-1.5.3-windows-x86_64.jar\org\bytedeco\javacpp\windows-x86_64\api-ms-win-crt-multibyte-l1-1-0.dll
0x000001a7274e0000 - 0x000001a7274e3000 	C:\Users\varun\.javacpp\cache\javacpp-1.5.3-windows-x86_64.jar\org\bytedeco\javacpp\windows-x86_64\api-ms-win-core-string-l1-1-0.dll
0x000001a7274f0000 - 0x000001a7274f3000 	C:\Users\varun\.javacpp\cache\javacpp-1.5.3-windows-x86_64.jar\org\bytedeco\javacpp\windows-x86_64\api-ms-win-core-errorhandling-l1-1-0.dll
0x000001a727500000 - 0x000001a727503000 	C:\Users\varun\.javacpp\cache\javacpp-1.5.3-windows-x86_64.jar\org\bytedeco\javacpp\windows-x86_64\api-ms-win-core-timezone-l1-1-0.dll
0x000001a727510000 - 0x000001a727514000 	C:\Users\varun\.javacpp\cache\javacpp-1.5.3-windows-x86_64.jar\org\bytedeco\javacpp\windows-x86_64\api-ms-win-core-file-l1-1-0.dll
0x000001a727520000 - 0x000001a727523000 	C:\Users\varun\.javacpp\cache\javacpp-1.5.3-windows-x86_64.jar\org\bytedeco\javacpp\windows-x86_64\api-ms-win-core-namedpipe-l1-1-0.dll
0x000001a727530000 - 0x000001a727533000 	C:\Users\varun\.javacpp\cache\javacpp-1.5.3-windows-x86_64.jar\org\bytedeco\javacpp\windows-x86_64\api-ms-win-core-handle-l1-1-0.dll
0x000001a727540000 - 0x000001a727543000 	C:\Users\varun\.javacpp\cache\javacpp-1.5.3-windows-x86_64.jar\org\bytedeco\javacpp\windows-x86_64\api-ms-win-core-file-l2-1-0.dll
0x000001a727550000 - 0x000001a727553000 	C:\Users\varun\.javacpp\cache\javacpp-1.5.3-windows-x86_64.jar\org\bytedeco\javacpp\windows-x86_64\api-ms-win-core-heap-l1-1-0.dll
0x000001a727560000 - 0x000001a727563000 	C:\Users\varun\.javacpp\cache\javacpp-1.5.3-windows-x86_64.jar\org\bytedeco\javacpp\windows-x86_64\api-ms-win-core-libraryloader-l1-1-0.dll
0x000001a727570000 - 0x000001a727573000 	C:\Users\varun\.javacpp\cache\javacpp-1.5.3-windows-x86_64.jar\org\bytedeco\javacpp\windows-x86_64\api-ms-win-core-synch-l1-1-0.dll
0x000001a727580000 - 0x000001a727583000 	C:\Users\varun\.javacpp\cache\javacpp-1.5.3-windows-x86_64.jar\org\bytedeco\javacpp\windows-x86_64\api-ms-win-core-processthreads-l1-1-0.dll
0x000001a727590000 - 0x000001a727593000 	C:\Users\varun\.javacpp\cache\javacpp-1.5.3-windows-x86_64.jar\org\bytedeco\javacpp\windows-x86_64\api-ms-win-core-processenvironment-l1-1-0.dll
0x000001a7275a0000 - 0x000001a7275a3000 	C:\Users\varun\.javacpp\cache\javacpp-1.5.3-windows-x86_64.jar\org\bytedeco\javacpp\windows-x86_64\api-ms-win-core-datetime-l1-1-0.dll
0x000001a7275b0000 - 0x000001a7275b3000 	C:\Users\varun\.javacpp\cache\javacpp-1.5.3-windows-x86_64.jar\org\bytedeco\javacpp\windows-x86_64\api-ms-win-core-localization-l1-2-0.dll
0x000001a7275c0000 - 0x000001a7275c3000 	C:\Users\varun\.javacpp\cache\javacpp-1.5.3-windows-x86_64.jar\org\bytedeco\javacpp\windows-x86_64\api-ms-win-core-sysinfo-l1-1-0.dll
0x000001a7275d0000 - 0x000001a7275d3000 	C:\Users\varun\.javacpp\cache\javacpp-1.5.3-windows-x86_64.jar\org\bytedeco\javacpp\windows-x86_64\api-ms-win-core-synch-l1-2-0.dll
0x000001a7275e0000 - 0x000001a7275e3000 	C:\Users\varun\.javacpp\cache\javacpp-1.5.3-windows-x86_64.jar\org\bytedeco\javacpp\windows-x86_64\api-ms-win-core-console-l1-1-0.dll
0x000001a7275f0000 - 0x000001a7275f3000 	C:\Users\varun\.javacpp\cache\javacpp-1.5.3-windows-x86_64.jar\org\bytedeco\javacpp\windows-x86_64\api-ms-win-core-debug-l1-1-0.dll
0x000001a727600000 - 0x000001a727603000 	C:\Users\varun\.javacpp\cache\javacpp-1.5.3-windows-x86_64.jar\org\bytedeco\javacpp\windows-x86_64\api-ms-win-core-rtlsupport-l1-1-0.dll
0x000001a727610000 - 0x000001a727613000 	C:\Users\varun\.javacpp\cache\javacpp-1.5.3-windows-x86_64.jar\org\bytedeco\javacpp\windows-x86_64\api-ms-win-core-processthreads-l1-1-1.dll
0x000001a727620000 - 0x000001a727623000 	C:\Users\varun\.javacpp\cache\javacpp-1.5.3-windows-x86_64.jar\org\bytedeco\javacpp\windows-x86_64\api-ms-win-core-file-l1-2-0.dll
0x000001a727630000 - 0x000001a727633000 	C:\Users\varun\.javacpp\cache\javacpp-1.5.3-windows-x86_64.jar\org\bytedeco\javacpp\windows-x86_64\api-ms-win-core-profile-l1-1-0.dll
0x000001a727640000 - 0x000001a727643000 	C:\Users\varun\.javacpp\cache\javacpp-1.5.3-windows-x86_64.jar\org\bytedeco\javacpp\windows-x86_64\api-ms-win-core-memory-l1-1-0.dll
0x000001a727650000 - 0x000001a727653000 	C:\Users\varun\.javacpp\cache\javacpp-1.5.3-windows-x86_64.jar\org\bytedeco\javacpp\windows-x86_64\api-ms-win-core-util-l1-1-0.dll
0x000001a727660000 - 0x000001a727663000 	C:\Users\varun\.javacpp\cache\javacpp-1.5.3-windows-x86_64.jar\org\bytedeco\javacpp\windows-x86_64\api-ms-win-core-interlocked-l1-1-0.dll
0x00007ffe9ba10000 - 0x00007ffe9bb0a000 	C:\Users\varun\.javacpp\cache\javacpp-1.5.3-windows-x86_64.jar\org\bytedeco\javacpp\windows-x86_64\ucrtbase.dll
0x00007ffeb69d0000 - 0x00007ffeb69e5000 	C:\Users\varun\.javacpp\cache\javacpp-1.5.3-windows-x86_64.jar\org\bytedeco\javacpp\windows-x86_64\vcruntime140.dll
0x00007ffe9bfc0000 - 0x00007ffe9c05b000 	C:\Users\varun\.javacpp\cache\javacpp-1.5.3-windows-x86_64.jar\org\bytedeco\javacpp\windows-x86_64\msvcp140.dll
0x00007ffea2910000 - 0x00007ffea2961000 	C:\Users\varun\.javacpp\cache\javacpp-1.5.3-windows-x86_64.jar\org\bytedeco\javacpp\windows-x86_64\concrt140.dll
0x00007ffeb29c0000 - 0x00007ffeb29e7000 	C:\Users\varun\.javacpp\cache\javacpp-1.5.3-windows-x86_64.jar\org\bytedeco\javacpp\windows-x86_64\vcomp140.dll
0x00007ffedc210000 - 0x00007ffedc21e000 	C:\Users\varun\.javacpp\cache\javacpp-1.5.3-windows-x86_64.jar\org\bytedeco\javacpp\windows-x86_64\jnijavacpp.dll
0x00007ffe8e140000 - 0x00007ffe8ed45000 	C:\Users\varun\.javacpp\cache\dnnl-1.3-1.5.3-windows-x86_64.jar\org\bytedeco\dnnl\windows-x86_64\dnnl.dll
0x00007ffe90a90000 - 0x00007ffe90bfd000 	C:\Users\varun\.javacpp\cache\dnnl-1.3-1.5.3-windows-x86_64.jar\org\bytedeco\dnnl\windows-x86_64\jnidnnl.dll
0x00007ffe8dac0000 - 0x00007ffe8e13a000 	C:\Users\varun\.javacpp\cache\onnxruntime-1.2.0-1.5.3-windows-x86_64.jar\org\bytedeco\onnxruntime\windows-x86_64\onnxruntime.dll
0x00007ffe9b720000 - 0x00007ffe9b864000 	C:\Users\varun\.javacpp\cache\onnxruntime-1.2.0-1.5.3-windows-x86_64.jar\org\bytedeco\onnxruntime\windows-x86_64\jnionnxruntime.dll
0x00007ffeb23a0000 - 0x00007ffeb23c4000 	C:\Program Files\Java\jdk1.8.0_291\jre\bin\sunec.dll
0x00007ffee9220000 - 0x00007ffee925b000 	C:\Windows\SYSTEM32\IPHLPAPI.DLL
0x00007ffeeb150000 - 0x00007ffeeb158000 	C:\Windows\System32\NSI.dll
0x00007ffedbcd0000 - 0x00007ffedbce7000 	C:\Windows\SYSTEM32\dhcpcsvc6.DLL
0x00007ffedbe50000 - 0x00007ffedbe6d000 	C:\Windows\SYSTEM32\dhcpcsvc.DLL
0x00007ffee9260000 - 0x00007ffee932c000 	C:\Windows\SYSTEM32\DNSAPI.dll
0x00007ffee8370000 - 0x00007ffee8554000 	C:\Windows\SYSTEM32\dbghelp.dll
0x00007ffeea4c0000 - 0x00007ffeea543000 	C:\Windows\System32\bcryptPrimitives.dll

VM Arguments:
jvm_args: -Dfile.encoding=UTF-8 
java_command: Captcha.ReadCaptcha.OCRReader
java_class_path (initial): D:\workspace\ReadCaptcha\target\test-classes;D:\workspace\ReadCaptcha\target\classes;D:\Softwares\eclipse-java-neon-3-win32-x86_64\eclipse\plugins\org.testng.eclipse_6.11.0.201703011520\lib\testng.jar;D:\Softwares\eclipse-java-neon-3-win32-x86_64\eclipse\plugins\org.testng.eclipse_6.11.0.201703011520\lib\jcommander.jar;D:\Softwares\eclipse-java-neon-3-win32-x86_64\eclipse\plugins\org.testng.eclipse_6.11.0.201703011520\lib\bsh-2.0b4.jar;D:\Softwares\eclipse-java-neon-3-win32-x86_64\eclipse\plugins\org.testng.eclipse_6.11.0.201703011520\lib\snakeyaml.jar;C:\Users\varun\Downloads\aspose-ocr-21.5.jar;C:\Users\varun\.m2\repository\org\bytedeco\onnxruntime-platform\1.2.0-1.5.3\onnxruntime-platform-1.2.0-1.5.3.jar;C:\Users\varun\.m2\repository\org\bytedeco\dnnl-platform\1.3-1.5.3\dnnl-platform-1.3-1.5.3.jar;C:\Users\varun\.m2\repository\org\bytedeco\javacpp-platform\1.5.3\javacpp-platform-1.5.3.jar;C:\Users\varun\.m2\repository\org\bytedeco\javacpp\1.5.3\javacpp-1.5.3-android-arm.jar;C:\Users\varun\.m2\repository\org\bytedeco\javacpp\1.5.3\javacpp-1.5.3-android-arm64.jar;C:\Users\varun\.m2\repository\org\bytedeco\javacpp\1.5.3\javacpp-1.5.3-android-x86.jar;C:\Users\varun\.m2\repository\org\bytedeco\javacpp\1.5.3\javacpp-1.5.3-android-x86_64.jar;C:\Users\varun\.m2\repository\org\bytedeco\javacpp\1.5.3\javacpp-1.5.3-ios-arm64.jar;C:\Users\varun\.m2\repository\org\bytedeco\javacpp\1.5.3\javacpp-1.5.3-ios-x86_64.jar;C:\Users\varun\.m2\repository\org\bytedeco\javacpp\1.5.3\javacpp-1.5.3-linux-armhf.jar;C:\Users\varun\.m2\repository\org\bytedeco\javacpp\1.5.3\javacpp-1.5.3-linux-arm64.jar;C:\Users\varun\.m2\repository\org\bytedeco\javacpp\1.5.3\javacpp-1.5.3-linux-ppc64le.jar;C:\Users\varun\.m2\repository\org\bytedeco\javacpp\1.5.3\javacpp-1.5.3-linux-x86.jar;C:\Users\varun\.m2\repository\org\bytedeco\javacpp\1.5.3\javacpp-1.5.3-linux-x86_64.jar;C:\Users\varun\.m2\repository\org\bytedeco\javacpp\1.5.3\javacpp-1.5.3-macosx-x86_64.jar;C:\Users\varun\.m
Launcher Type: SUN_STANDARD

Environment Variables:
JAVA_HOME=C:\Program Files\Java\jdk1.8.0_291
PATH=C:/Program Files/Java/jre1.8.0_291/bin/server;C:/Program Files/Java/jre1.8.0_291/bin;C:/Program Files/Java/jre1.8.0_291/lib/amd64;C:\Program Files (x86)\Common Files\Oracle\Java\javapath;C:\Windows\system32;C:\Windows;C:\Windows\System32\Wbem;C:\Windows\System32\WindowsPowerShell\v1.0\;C:\Windows\System32\OpenSSH\;C:\Program Files\nodejs\;C:\Program Files\nodejs\node_modules\npm;C:\Program Files\Java\jdk1.8.0_291\bin;C:\Users\varun\AppData\Local\Android\Sdk\build-tools;C:\Users\varun\AppData\Local\Android\Sdk\platform-tools;C:\Users\varun\AppData\Local\Android\Sdk\tools\bin;C:\Users\varun\AppData\Local\Android\Sdk\tools;C:\Program Files\Git\cmd;C:\Program Files\Java\jdk1.8.0_291\bin;C:\Users\varun\AppData\Roaming\npm;C:\Users\varun\AppData\Local\GitHubDesktop\bin;D:\Softwares\eclipse-java-neon-3-win32-x86_64\eclipse;
USERNAME=varun
OS=Windows_NT
PROCESSOR_IDENTIFIER=Intel64 Family 6 Model 140 Stepping 1, GenuineIntel



---------------  S Y S T E M  ---------------

OS: Windows 10.0 , 64 bit Build 19041 (10.0.19041.1023)

CPU:total 8 (initial active 8) (4 cores per cpu, 2 threads per core) family 6 model 140 stepping 1, cmov, cx8, fxsr, mmx, sse, sse2, sse3, ssse3, sse4.1, sse4.2, popcnt, avx, avx2, aes, clmul, erms, 3dnowpref, lzcnt, ht, tsc, tscinvbit, bmi1, bmi2, adx

Memory: 4k page, physical 16497448k(5867432k free), swap 28031784k(11167688k free)

vm_info: Java HotSpot(TM) 64-Bit Server VM (25.291-b10) for windows-amd64 JRE (1.8.0_291-b10), built on Apr  9 2021 00:02:00 by "java_re" with MS VC++ 15.9 (VS2017)

time: Fri Jul 16 17:18:15 2021
timezone: India Standard Time
elapsed time: 2.693277 seconds (0d 0h 0m 2s)

